<?xml version="1.0" encoding="UTF-8"?>
<!-- Generated by org.testng.reporters.JUnitXMLReporter -->
<testsuite ignored="0" hostname="Gowtham" failures="1" tests="1" name="edge" time="73.025" errors="0" timestamp="2024-01-11T12:55:22 IST">
  <testcase classname="com.satwa.tests.CreateEmployee" name="AddEmployee01_AddEmployeeWithUsernameAndPassword" time="60.501">
    <failure type="java.lang.AssertionError" message="Login page is not displayed on launching the application">
      <![CDATA[java.lang.AssertionError: Login page is not displayed on launching the application
at com.satwa.tests.CreateEmployee.AddEmployee01_AddEmployeeWithUsernameAndPassword(CreateEmployee.java:23)
at java.base/java.util.ArrayList.forEach(ArrayList.java:1541)
... Removed 32 stack frames]]>
    </failure>
  </testcase> <!-- AddEmployee01_AddEmployeeWithUsernameAndPassword -->
</testsuite> <!-- edge -->
