<?xml version="1.0" encoding="UTF-8"?>
<!-- Generated by org.testng.reporters.JUnitXMLReporter -->
<testsuite ignored="0" hostname="Gowtham" failures="1" tests="1" name="edge" time="83.674" errors="0" timestamp="2023-12-25T21:01:19 IST">
  <testcase classname="com.satwa.tests.CreateEmployee" name="AddEmployee01_AddEmployeeWithUsernameAndPassword" time="71.025">
    <failure type="java.lang.AssertionError" message="Pim page Add Employee Menu is NOT displayed ">
      <![CDATA[java.lang.AssertionError: Pim page Add Employee Menu is NOT displayed 
at com.satwa.tests.CreateEmployee.AddEmployee01_AddEmployeeWithUsernameAndPassword(CreateEmployee.java:53)
at java.base/java.util.ArrayList.forEach(ArrayList.java:1511)
... Removed 26 stack frames]]>
    </failure>
  </testcase> <!-- AddEmployee01_AddEmployeeWithUsernameAndPassword -->
</testsuite> <!-- edge -->
