<?xml version="1.0" encoding="UTF-8"?>
<testng-results ignored="0" total="1" passed="1" failed="0" skipped="0">
  <reporter-output>
  </reporter-output>
  <suite started-at="2023-12-26T09:10:04 IST" name="Regression_CreateEmployee" finished-at="2023-12-26T09:10:25 IST" duration-ms="21161">
    <groups>
    </groups>
    <test started-at="2023-12-26T09:10:04 IST" name="edge" finished-at="2023-12-26T09:10:25 IST" duration-ms="21161">
      <class name="com.satwa.tests.CreateEmployee">
        <test-method is-config="true" signature="setUpExecution(java.lang.String)[pri:0, instance:com.satwa.tests.CreateEmployee@79924b]" started-at="2023-12-26T09:10:04 IST" name="setUpExecution" finished-at="2023-12-26T09:10:04 IST" duration-ms="547" status="PASS">
          <params>
            <param index="0">
              <value>
                <![CDATA[QA]]>
              </value>
            </param>
          </params>
          <reporter-output>
          </reporter-output>
        </test-method> <!-- setUpExecution -->
        <test-method is-config="true" signature="initializeReport(org.testng.ITestContext)[pri:0, instance:com.satwa.tests.CreateEmployee@79924b]" started-at="2023-12-26T09:10:04 IST" name="initializeReport" finished-at="2023-12-26T09:10:04 IST" duration-ms="148" status="PASS">
          <params>
            <param index="0">
              <value>
                <![CDATA[org.testng.TestRunner@1510b9a2]]>
              </value>
            </param>
          </params>
          <reporter-output>
          </reporter-output>
        </test-method> <!-- initializeReport -->
        <test-method is-config="true" signature="intializeTest(java.lang.String,java.lang.reflect.Method,org.testng.ITestContext)[pri:0, instance:com.satwa.tests.CreateEmployee@79924b]" started-at="2023-12-26T09:10:04 IST" name="intializeTest" finished-at="2023-12-26T09:10:12 IST" duration-ms="7992" status="PASS">
          <params>
            <param index="0">
              <value>
                <![CDATA[chrome]]>
              </value>
            </param>
            <param index="1">
              <value>
                <![CDATA[public void com.satwa.tests.CreateEmployee.AddEmployee01_AddEmployeeWithUsernameAndPassword()]]>
              </value>
            </param>
            <param index="2">
              <value>
                <![CDATA[org.testng.TestRunner@1510b9a2]]>
              </value>
            </param>
          </params>
          <reporter-output>
          </reporter-output>
        </test-method> <!-- intializeTest -->
        <test-method is-config="true" signature="setUpPages()[pri:0, instance:com.satwa.tests.CreateEmployee@79924b]" started-at="2023-12-26T09:10:12 IST" name="setUpPages" finished-at="2023-12-26T09:10:13 IST" duration-ms="893" status="PASS">
          <reporter-output>
          </reporter-output>
        </test-method> <!-- setUpPages -->
        <test-method signature="AddEmployee01_AddEmployeeWithUsernameAndPassword()[pri:0, instance:com.satwa.tests.CreateEmployee@79924b]" started-at="2023-12-26T09:10:13 IST" name="AddEmployee01_AddEmployeeWithUsernameAndPassword" finished-at="2023-12-26T09:10:25 IST" duration-ms="11489" status="PASS">
          <reporter-output>
          </reporter-output>
        </test-method> <!-- AddEmployee01_AddEmployeeWithUsernameAndPassword -->
        <test-method is-config="true" signature="afterMethod()[pri:0, instance:com.satwa.tests.CreateEmployee@79924b]" started-at="2023-12-26T09:10:25 IST" name="afterMethod" finished-at="2023-12-26T09:10:25 IST" duration-ms="206" status="PASS">
          <reporter-output>
          </reporter-output>
        </test-method> <!-- afterMethod -->
        <test-method is-config="true" signature="finalizeExecution()[pri:0, instance:com.satwa.tests.CreateEmployee@79924b]" started-at="2023-12-26T09:10:25 IST" name="finalizeExecution" finished-at="2023-12-26T09:10:25 IST" duration-ms="408" status="PASS">
          <reporter-output>
          </reporter-output>
        </test-method> <!-- finalizeExecution -->
      </class> <!-- com.satwa.tests.CreateEmployee -->
    </test> <!-- edge -->
  </suite> <!-- Regression_CreateEmployee -->
</testng-results>
