<?xml version="1.0" encoding="UTF-8"?>
<testng-results ignored="0" total="1" passed="1" failed="0" skipped="0">
  <reporter-output>
  </reporter-output>
  <suite started-at="2023-12-26T18:03:24 IST" name="Default suite" finished-at="2023-12-26T18:04:46 IST" duration-ms="81746">
    <groups>
    </groups>
    <test started-at="2023-12-26T18:03:24 IST" name="Default test" finished-at="2023-12-26T18:04:46 IST" duration-ms="81746">
      <class name="com.satwa.tests.CreateEmployee">
        <test-method is-config="true" signature="setUpExecution(java.lang.String)[pri:0, instance:com.satwa.tests.CreateEmployee@3c46e67a]" started-at="2023-12-26T18:03:24 IST" name="setUpExecution" finished-at="2023-12-26T18:03:24 IST" duration-ms="84" status="PASS">
          <params>
            <param index="0">
              <value is-null="true"/>
            </param>
          </params>
          <reporter-output>
          </reporter-output>
        </test-method> <!-- setUpExecution -->
        <test-method is-config="true" signature="initializeReport(org.testng.ITestContext)[pri:0, instance:com.satwa.tests.CreateEmployee@3c46e67a]" started-at="2023-12-26T18:03:24 IST" name="initializeReport" finished-at="2023-12-26T18:03:25 IST" duration-ms="425" status="PASS">
          <params>
            <param index="0">
              <value>
                <![CDATA[org.testng.TestRunner@4e94669c]]>
              </value>
            </param>
          </params>
          <reporter-output>
          </reporter-output>
        </test-method> <!-- initializeReport -->
        <test-method is-config="true" signature="intializeTest(java.lang.String,java.lang.reflect.Method,org.testng.ITestContext)[pri:0, instance:com.satwa.tests.CreateEmployee@3c46e67a]" started-at="2023-12-26T18:03:25 IST" name="intializeTest" finished-at="2023-12-26T18:04:24 IST" duration-ms="59827" status="PASS">
          <params>
            <param index="0">
              <value is-null="true"/>
            </param>
            <param index="1">
              <value>
                <![CDATA[public void com.satwa.tests.CreateEmployee.AddEmployee01_AddEmployeeWithUsernameAndPassword()]]>
              </value>
            </param>
            <param index="2">
              <value>
                <![CDATA[org.testng.TestRunner@4e94669c]]>
              </value>
            </param>
          </params>
          <reporter-output>
          </reporter-output>
        </test-method> <!-- intializeTest -->
        <test-method is-config="true" signature="setUpPages()[pri:0, instance:com.satwa.tests.CreateEmployee@3c46e67a]" started-at="2023-12-26T18:04:24 IST" name="setUpPages" finished-at="2023-12-26T18:04:29 IST" duration-ms="4502" status="PASS">
          <reporter-output>
          </reporter-output>
        </test-method> <!-- setUpPages -->
        <test-method signature="AddEmployee01_AddEmployeeWithUsernameAndPassword()[pri:0, instance:com.satwa.tests.CreateEmployee@3c46e67a]" started-at="2023-12-26T18:04:29 IST" name="AddEmployee01_AddEmployeeWithUsernameAndPassword" finished-at="2023-12-26T18:04:45 IST" duration-ms="15914" status="PASS">
          <reporter-output>
          </reporter-output>
        </test-method> <!-- AddEmployee01_AddEmployeeWithUsernameAndPassword -->
        <test-method is-config="true" signature="afterMethod()[pri:0, instance:com.satwa.tests.CreateEmployee@3c46e67a]" started-at="2023-12-26T18:04:45 IST" name="afterMethod" finished-at="2023-12-26T18:04:45 IST" duration-ms="393" status="PASS">
          <reporter-output>
          </reporter-output>
        </test-method> <!-- afterMethod -->
        <test-method is-config="true" signature="finalizeExecution()[pri:0, instance:com.satwa.tests.CreateEmployee@3c46e67a]" started-at="2023-12-26T18:04:45 IST" name="finalizeExecution" finished-at="2023-12-26T18:04:46 IST" duration-ms="633" status="PASS">
          <reporter-output>
          </reporter-output>
        </test-method> <!-- finalizeExecution -->
      </class> <!-- com.satwa.tests.CreateEmployee -->
    </test> <!-- Default test -->
  </suite> <!-- Default suite -->
</testng-results>
