<?xml version="1.0" encoding="UTF-8"?>
<testng-results ignored="0" total="1" passed="1" failed="0" skipped="0">
  <reporter-output>
  </reporter-output>
  <suite started-at="2024-01-11T13:10:09 IST" name="Regression_CreateEmployee" finished-at="2024-01-11T13:10:30 IST" duration-ms="20956">
    <groups>
    </groups>
    <test started-at="2024-01-11T13:10:09 IST" name="edge" finished-at="2024-01-11T13:10:30 IST" duration-ms="20956">
      <class name="com.satwa.tests.CreateEmployee">
        <test-method is-config="true" signature="setUpExecution(java.lang.String)[pri:0, instance:com.satwa.tests.CreateEmployee@75d4a5c2]" started-at="2024-01-11T13:10:09 IST" name="setUpExecution" finished-at="2024-01-11T13:10:09 IST" duration-ms="351" status="PASS">
          <params>
            <param index="0">
              <value>
                <![CDATA[qa]]>
              </value>
            </param>
          </params>
          <reporter-output>
          </reporter-output>
        </test-method> <!-- setUpExecution -->
        <test-method is-config="true" signature="initializeReport(org.testng.ITestContext)[pri:0, instance:com.satwa.tests.CreateEmployee@75d4a5c2]" started-at="2024-01-11T13:10:09 IST" name="initializeReport" finished-at="2024-01-11T13:10:10 IST" duration-ms="418" status="PASS">
          <params>
            <param index="0">
              <value>
                <![CDATA[org.testng.TestRunner@3ec9f8d]]>
              </value>
            </param>
          </params>
          <reporter-output>
          </reporter-output>
        </test-method> <!-- initializeReport -->
        <test-method is-config="true" signature="intializeTest(java.lang.String,java.lang.reflect.Method,org.testng.ITestContext)[pri:0, instance:com.satwa.tests.CreateEmployee@75d4a5c2]" started-at="2024-01-11T13:10:10 IST" name="intializeTest" finished-at="2024-01-11T13:10:17 IST" duration-ms="6813" status="PASS">
          <params>
            <param index="0">
              <value>
                <![CDATA[chrome]]>
              </value>
            </param>
            <param index="1">
              <value>
                <![CDATA[public void com.satwa.tests.CreateEmployee.AddEmployee01_AddEmployeeWithUsernameAndPassword()]]>
              </value>
            </param>
            <param index="2">
              <value>
                <![CDATA[org.testng.TestRunner@3ec9f8d]]>
              </value>
            </param>
          </params>
          <reporter-output>
          </reporter-output>
        </test-method> <!-- intializeTest -->
        <test-method is-config="true" signature="setUpPages()[pri:0, instance:com.satwa.tests.CreateEmployee@75d4a5c2]" started-at="2024-01-11T13:10:17 IST" name="setUpPages" finished-at="2024-01-11T13:10:18 IST" duration-ms="1117" status="PASS">
          <reporter-output>
          </reporter-output>
        </test-method> <!-- setUpPages -->
        <test-method signature="AddEmployee01_AddEmployeeWithUsernameAndPassword()[pri:0, instance:com.satwa.tests.CreateEmployee@75d4a5c2]" started-at="2024-01-11T13:10:18 IST" name="AddEmployee01_AddEmployeeWithUsernameAndPassword" finished-at="2024-01-11T13:10:30 IST" duration-ms="11907" status="PASS">
          <reporter-output>
          </reporter-output>
        </test-method> <!-- AddEmployee01_AddEmployeeWithUsernameAndPassword -->
        <test-method is-config="true" signature="afterMethod()[pri:0, instance:com.satwa.tests.CreateEmployee@75d4a5c2]" started-at="2024-01-11T13:10:30 IST" name="afterMethod" finished-at="2024-01-11T13:10:30 IST" duration-ms="180" status="PASS">
          <reporter-output>
          </reporter-output>
        </test-method> <!-- afterMethod -->
        <test-method is-config="true" signature="finalizeExecution()[pri:0, instance:com.satwa.tests.CreateEmployee@75d4a5c2]" started-at="2024-01-11T13:10:30 IST" name="finalizeExecution" finished-at="2024-01-11T13:10:30 IST" duration-ms="486" status="PASS">
          <reporter-output>
          </reporter-output>
        </test-method> <!-- finalizeExecution -->
      </class> <!-- com.satwa.tests.CreateEmployee -->
    </test> <!-- edge -->
  </suite> <!-- Regression_CreateEmployee -->
</testng-results>
